c:\!programming\game\game\game\release\vc142.pdb
c:\!programming\game\game\game\release\leveleditor.obj
c:\!programming\game\game\game\release\level.obj
c:\!programming\game\game\game\release\label.obj
c:\!programming\game\game\game\release\inifileparser.obj
c:\!programming\game\game\game\release\infopane.obj
c:\!programming\game\game\game\release\graphicscontext.obj
c:\!programming\game\game\game\release\gameengine.obj
c:\!programming\game\game\game\release\font.obj
c:\!programming\game\game\game\release\floor.obj
c:\!programming\game\game\game\release\dropdown.obj
c:\!programming\game\game\game\release\cube.obj
c:\!programming\game\game\game\release\controlnode.obj
c:\!programming\game\game\game\release\color.obj
c:\!programming\game\game\game\release\checkbox.obj
c:\!programming\game\game\game\release\canvasnode.obj
c:\!programming\game\game\game\release\camera3d.obj
c:\!programming\game\game\game\release\button.obj
c:\!programming\game\game\game\release\assetmanager.obj
c:\!programming\game\game\game\release\animationplayer.obj
c:\!programming\game\game\game\release\actor2d.obj
c:\!programming\game\game\game\release\player3d.obj
c:\!programming\game\game\game\release\player.obj
c:\!programming\game\game\game\release\palette.obj
c:\!programming\game\game\game\release\npc.obj
c:\!programming\game\game\game\release\node.obj
c:\!programming\game\game\game\release\messagebox.obj
c:\!programming\game\game\game\release\math.obj
c:\!programming\game\game\game\release\mariolevel1.obj
c:\!programming\game\game\game\release\mainmenu.obj
c:\!programming\game\game\game\release\eventmanager.obj
c:\!programming\game\game\game\release\main.obj
c:\!programming\game\game\game\release\logengine.obj
c:\!programming\game\game\game\release\location.obj
c:\!programming\game\game\game\release\loadingscreen2.obj
c:\!programming\game\game\game\release\loadingscreen.obj
c:\!programming\game\game\game\release\loadingbar.obj
c:\!programming\game\game\game\release\loadableresource.obj
c:\!programming\game\game\game\release\listbox.obj
c:\!programming\game\game\game\release\levelobject.obj
c:\!programming\game\game\game\release\levelloader.obj
c:\!programming\game\game\game\release\textureatlas.obj
c:\!programming\game\game\game\release\texture.obj
c:\!programming\game\game\game\release\textnode.obj
c:\!programming\game\game\game\release\testwindow.obj
c:\!programming\game\game\game\release\test1.obj
c:\!programming\game\game\game\release\spritenode.obj
c:\!programming\game\game\game\release\spriteninepatch.obj
c:\!programming\game\game\game\release\configuration.obj
c:\!programming\game\game\game\release\size.obj
c:\!programming\game\game\game\release\singleton.obj
c:\!programming\game\game\game\release\shapenode.obj
c:\!programming\game\game\game\release\settingswindow.obj
c:\!programming\game\game\game\release\scrollbar.obj
c:\!programming\game\game\game\release\roguelike.obj
c:\!programming\game\game\game\release\resource.obj
c:\!programming\game\game\game\release\renderingengine.obj
c:\!programming\game\game\game\release\rectangle.obj
c:\!programming\game\game\game\release\readme.obj
c:\!programming\game\game\game\release\projectiles.obj
c:\!programming\game\game\game\release\progressbar.obj
c:\!programming\game\game\game\release\viewport.obj
c:\!programming\game\game\game\release\toolwindow.obj
c:\!programming\game\game\game\release\todo.obj
c:\!programming\game\game\game\release\tilemap.obj
c:\!programming\game\game\game\release\textureimage.obj
c:\!programming\game\game\release\game.ipdb
c:\!programming\game\game\release\game.iobj
c:\!programming\game\game\release\game.exe
c:\!programming\game\game\release\game.pdb
c:\!programming\game\game\game\release\game.tlog\cl.command.1.tlog
c:\!programming\game\game\game\release\game.tlog\cl.read.1.tlog
c:\!programming\game\game\game\release\game.tlog\cl.write.1.tlog
c:\!programming\game\game\game\release\game.tlog\game.write.1u.tlog
c:\!programming\game\game\game\release\game.tlog\link.command.1.tlog
c:\!programming\game\game\game\release\game.tlog\link.read.1.tlog
c:\!programming\game\game\game\release\game.tlog\link.write.1.tlog
