  AssetManager.cpp
c:\!programming\game\game\game\gameengine.h(4): fatal error C1083: Cannot open include file: 'SDL.h': No such file or directory
  Button.cpp
c:\!programming\game\game\game\node.h(4): fatal error C1083: Cannot open include file: 'SDL.h': No such file or directory
  CanvasNode.cpp
c:\!programming\game\game\game\node.h(4): fatal error C1083: Cannot open include file: 'SDL.h': No such file or directory
  Checkbox.cpp
c:\!programming\game\game\game\node.h(4): fatal error C1083: Cannot open include file: 'SDL.h': No such file or directory
  Color.cpp
c:\!programming\game\game\game\color.h(3): fatal error C1083: Cannot open include file: 'SDL.h': No such file or directory
  ControlNode.cpp
c:\!programming\game\game\game\node.h(4): fatal error C1083: Cannot open include file: 'SDL.h': No such file or directory
  Font.cpp
c:\!programming\game\game\game\font.h(4): fatal error C1083: Cannot open include file: 'SDL_ttf.h': No such file or directory
  GameEngine.cpp
c:\!programming\game\game\game\gameengine.h(4): fatal error C1083: Cannot open include file: 'SDL.h': No such file or directory
  InfoPane.cpp
c:\!programming\game\game\game\node.h(4): fatal error C1083: Cannot open include file: 'SDL.h': No such file or directory
  Label.cpp
c:\!programming\game\game\game\node.h(4): fatal error C1083: Cannot open include file: 'SDL.h': No such file or directory
  LoadableResource.cpp
  LoadingScreen.cpp
c:\!programming\game\game\game\gameengine.h(4): fatal error C1083: Cannot open include file: 'SDL.h': No such file or directory
  Location.cpp
  LogEngine.cpp
  main.cpp
c:\!programming\game\game\game\gameengine.h(4): fatal error C1083: Cannot open include file: 'SDL.h': No such file or directory
  EventManager.cpp
c:\!programming\game\game\game\gameengine.h(4): fatal error C1083: Cannot open include file: 'SDL.h': No such file or directory
  Node.cpp
c:\!programming\game\game\game\node.h(4): fatal error C1083: Cannot open include file: 'SDL.h': No such file or directory
  Palette.cpp
c:\!programming\game\game\game\color.h(3): fatal error C1083: Cannot open include file: 'SDL.h': No such file or directory
  Readme.cpp
  Rectangle.cpp
  Generating Code...
  Compiling...
  RenderingEngine.cpp
c:\!programming\game\game\game\renderingengine.h(4): fatal error C1083: Cannot open include file: 'SDL.h': No such file or directory
  Resource.cpp
  ShapeNode.cpp
c:\!programming\game\game\game\node.h(4): fatal error C1083: Cannot open include file: 'SDL.h': No such file or directory
  Singleton.cpp
  Size.cpp
  SpriteNinePatch.cpp
c:\!programming\game\game\game\node.h(4): fatal error C1083: Cannot open include file: 'SDL.h': No such file or directory
  TextNode.cpp
c:\!programming\game\game\game\node.h(4): fatal error C1083: Cannot open include file: 'SDL.h': No such file or directory
  Texture.cpp
c:\!programming\game\game\game\texture.h(4): fatal error C1083: Cannot open include file: 'SDL.h': No such file or directory
  TextureAtlas.cpp
c:\!programming\game\game\game\texture.h(4): fatal error C1083: Cannot open include file: 'SDL.h': No such file or directory
  TextureImage.cpp
c:\!programming\game\game\game\texture.h(4): fatal error C1083: Cannot open include file: 'SDL.h': No such file or directory
  TODO.cpp
  ToolWindow.cpp
c:\!programming\game\game\game\node.h(4): fatal error C1083: Cannot open include file: 'SDL.h': No such file or directory
  Generating Code...
